Log file open, 06/02/16 09:40:45
LogInit:Display: Running engine for game: KugelGameJam
LogPlatformFile: Not using cached read wrapper
LogInit:Display: RandInit(-788002392) SRandInit(-788002387).
LogTaskGraph: Started task graph with 4 named threads and 7 total threads.
LogStats: Stats thread started at 0.143278
LogInit: Version: 4.11.2-2946394+++UE4+Release-4.11
LogInit: API Version: 2927265
LogInit: Compiled (64-bit): Apr 18 2016 02:18:46
LogInit: Compiled with Visual C++: 19.00.23026.00
LogInit: Build Configuration: Development
LogInit: Branch Name: ++UE4+Release-4.11
LogInit: Command line: -EpicPortal 
LogInit: Base directory: C:/Program Files/Epic Games/4.11/Engine/Binaries/Win64/
LogInit: Installed Engine Build: 1
LogInit: Using libcurl 7.41.0
LogInit:  - built for x86_64-pc-win32
LogInit:  - supports SSL with WinSSL
LogInit:  - other features:
LogInit:      CURL_VERSION_SSL
LogInit:      CURL_VERSION_IPV6
LogInit:      CURL_VERSION_ASYNCHDNS
LogInit:      CURL_VERSION_LARGEFILE
LogInit:      CURL_VERSION_IDN
LogInit:  CurlRequestOptions (configurable via config and command line):
LogInit:  - bVerifyPeer = true  - Libcurl will verify peer certificate
LogInit:  - bUseHttpProxy = false  - Libcurl will NOT use HTTP proxy
LogInit:  - bDontReuseConnections = false  - Libcurl will reuse connections
LogInit:  - CertBundlePath = nullptr  - Libcurl will use whatever was configured at build time.
LogInit: Presizing for max 16777216 objects, including 0 objects not considered by GC, pre-allocating 0 bytes for permanent pool.
LogInit: Object subsystem initialized
[2016.06.02-07.40.45:801][  0]LogInit: Selected Device Profile: [Windows]
[2016.06.02-07.40.45:801][  0]LogInit: Applying CVar settings loaded from the selected device profile: [Windows]
[2016.06.02-07.40.45:831][  0]LogInit: Computer: 2014-GA-33
[2016.06.02-07.40.45:831][  0]LogInit: User: felixroeschke
[2016.06.02-07.40.45:831][  0]LogInit: CPU Page size=65536, Cores=4
[2016.06.02-07.40.45:831][  0]LogInit: High frequency timer resolution =3.117812 MHz
[2016.06.02-07.40.45:832][  0]LogMemory: Memory total: Physical=8.0GB (8GB approx)
[2016.06.02-07.40.45:832][  0]LogMemory: Platform Memory Stats for Windows
[2016.06.02-07.40.45:832][  0]LogMemory: Process Physical Memory: 312.36 MB used, 312.36 MB peak
[2016.06.02-07.40.45:832][  0]LogMemory: Process Virtual Memory: 316.71 MB used, 316.71 MB peak
[2016.06.02-07.40.45:832][  0]LogMemory: Physical Memory: 6983.92 MB used, 8142.96 MB total
[2016.06.02-07.40.45:832][  0]LogMemory: Virtual Memory: 618.64 MB used, 8388608.00 MB total
[2016.06.02-07.40.45:950][  0]LogTextLocalizationManager: No translations for ('de-DE') exist, falling back to 'en' for localization and internationalization data.
[2016.06.02-07.40.47:473][  0]LogD3D11RHI: D3D11 adapters:
[2016.06.02-07.40.47:508][  0]LogD3D11RHI:    0. 'NVIDIA GeForce GTX 760' (Feature Level 11_0)
[2016.06.02-07.40.47:508][  0]LogD3D11RHI:       1990MB of dedicated video memory, 0MB of dedicated system memory, and 2048MB of shared system memory, 2 output[s]
[2016.06.02-07.40.47:508][  0]LogD3D11RHI: Chosen D3D11 Adapter: 0
[2016.06.02-07.40.47:522][  0]LogD3D11RHI: Creating new Direct3DDevice
[2016.06.02-07.40.47:522][  0]LogD3D11RHI:     Adapter Name: NVIDIA GeForce GTX 760
[2016.06.02-07.40.47:522][  0]LogD3D11RHI:   Driver Version: Unknown (internal Unknown)
[2016.06.02-07.40.47:522][  0]LogD3D11RHI:      Driver Date: Unknown
[2016.06.02-07.40.47:522][  0]LogRHI: Texture pool is 1361 MB (70% of 1945 MB)
[2016.06.02-07.40.47:547][  0]LogD3D11RHI: Async texture creation enabled
[2016.06.02-07.40.47:573][  0]LogShaderCompilers: Guid format shader working directory is -25 characters bigger than the processId version (../../../../../../Users/Felix.Roeschke/Documents/Unreal Projects/KugelGameJam/Intermediate/Shaders/WorkingDirectory/3992/).
[2016.06.02-07.40.47:573][  0]LogShaderCompilers: Cleaned the shader compiler working directory 'C:/Users/FELIX~1.ROE/AppData/Local/Temp/UnrealShaderWorkingDir/9E80BAF54F406065232B3C98A3D9467E/'.
[2016.06.02-07.40.47:573][  0]LogShaderCompilers:Display: Using Local Shader Compiler.
[2016.06.02-07.40.56:126][  0]LogTemp:Display: Loaded TP AllDesktopTargetPlatform
[2016.06.02-07.40.56:140][  0]LogTemp:Display: Loaded TP WindowsClientTargetPlatform
[2016.06.02-07.40.56:156][  0]LogTemp:Display: Loaded TP WindowsNoEditorTargetPlatform
[2016.06.02-07.40.56:173][  0]LogTemp:Display: Loaded TP WindowsServerTargetPlatform
[2016.06.02-07.40.56:189][  0]LogTemp:Display: Loaded TP WindowsTargetPlatform
[2016.06.02-07.40.56:201][  0]LogTemp:Display: Loaded TP AndroidTargetPlatform
[2016.06.02-07.40.56:214][  0]LogTemp:Display: Loaded TP Android_ASTCTargetPlatform
[2016.06.02-07.40.56:225][  0]LogTemp:Display: Loaded TP Android_ATCTargetPlatform
[2016.06.02-07.40.56:237][  0]LogTemp:Display: Loaded TP Android_DXTTargetPlatform
[2016.06.02-07.40.56:249][  0]LogTemp:Display: Loaded TP Android_ETC1TargetPlatform
[2016.06.02-07.40.56:260][  0]LogTemp:Display: Loaded TP Android_ETC2TargetPlatform
[2016.06.02-07.40.56:285][  0]LogTemp:Display: Loaded TP Android_MultiTargetPlatform
[2016.06.02-07.40.56:285][  0]LogTemp:Display: Loaded TP Android_PVRTCTargetPlatform
[2016.06.02-07.40.56:287][  0]LogTemp:Display: Loaded TP HTML5TargetPlatform
[2016.06.02-07.40.56:319][  0]LogTemp:Display: Loaded TP IOSTargetPlatform
[2016.06.02-07.40.56:333][  0]LogTemp:Display: Loaded TP TVOSTargetPlatform
[2016.06.02-07.40.56:347][  0]LogTemp:Display: Loaded TP LinuxNoEditorTargetPlatform
[2016.06.02-07.40.56:359][  0]LogTemp:Display: Loaded TP LinuxServerTargetPlatform
[2016.06.02-07.40.56:370][  0]LogTemp:Display: Loaded TP LinuxTargetPlatform
[2016.06.02-07.40.56:370][  0]LogTargetPlatformManager:Display: Building Assets For Windows
[2016.06.02-07.40.56:604][  0]LogDerivedDataCache:Display: Max Cache Size: 512 MB
[2016.06.02-07.40.56:867][  0]LogDerivedDataCache: Loaded boot cache 0.26s 55MB C:/Users/Felix.Roeschke/AppData/Local/UnrealEngine/4.11/DerivedDataCache/Boot.ddc.
[2016.06.02-07.40.56:867][  0]LogDerivedDataCache:Display: Loaded Boot cache: C:/Users/Felix.Roeschke/AppData/Local/UnrealEngine/4.11/DerivedDataCache/Boot.ddc
[2016.06.02-07.40.56:867][  0]LogDerivedDataCache: FDerivedDataBackendGraph:  Pak pak cache file ../../../../../../Users/Felix.Roeschke/Documents/Unreal Projects/KugelGameJam/DerivedDataCache/DDC.ddp not found, will not use a pak cache.
[2016.06.02-07.40.56:868][  0]LogDerivedDataCache: Unable to find inner node Pak for hierarchical cache Hierarchy.
[2016.06.02-07.40.56:868][  0]LogDerivedDataCache: FDerivedDataBackendGraph:  CompressedPak pak cache file ../../../../../../Users/Felix.Roeschke/Documents/Unreal Projects/KugelGameJam/DerivedDataCache/Compressed.ddp not found, will not use a pak cache.
[2016.06.02-07.40.56:868][  0]LogDerivedDataCache: Unable to find inner node CompressedPak for hierarchical cache Hierarchy.
[2016.06.02-07.40.56:931][  0]LogDerivedDataCache:Display: Pak cache opened for reading ../../../Engine/DerivedDataCache/Compressed.ddp.
[2016.06.02-07.40.56:946][  0]LogDerivedDataCache: Using Local data cache path C:/Users/Felix.Roeschke/AppData/Local/UnrealEngine/Common/DerivedDataCache: Writable
[2016.06.02-07.40.57:664][  0]LogInit: Selected Device Profile: [Windows]
[2016.06.02-07.40.57:668][  0]LogContentStreaming: Texture pool size is 0.00 MB
[2016.06.02-07.40.57:816][  0]LogMaterial: Uniform references updated for custom material expression Custom.
[2016.06.02-07.40.58:350][  0]LogMeshUtilities: No automatic mesh reduction module available
[2016.06.02-07.40.58:350][  0]LogMeshUtilities: No automatic mesh merging module available
[2016.06.02-07.40.58:350][  0]LogMeshUtilities: No distributed automatic mesh merging module available
[2016.06.02-07.40.59:287][  0]LogUObjectArray: 27679 objects as part of root set at end of initial load.
[2016.06.02-07.40.59:287][  0]LogUObjectAllocator: 5591592 out of 0 bytes used by permanent object pool.
[2016.06.02-07.40.59:287][  0]LogUObjectArray: CloseDisregardForGC: 0/0 objects in disregard for GC pool
[2016.06.02-07.40.59:305][  0]LogInit: WinSock: version 1.1 (2.2), MaxSocks=32767, MaxUdp=65467
[2016.06.02-07.40.59:596][  0]LogSlate: SlateFontCache - WITH_FREETYPE: 1, WITH_HARFBUZZ: 1
[2016.06.02-07.40.59:596][  0]LogSlate: SlateFontCache - WITH_FREETYPE: 1, WITH_HARFBUZZ: 1
[2016.06.02-07.41.00:016][  0]LogStreaming:Warning: Failed to read file '../../../Engine/Content/Editor/Slate/Common/Selection_16x.png' error.
[2016.06.02-07.41.00:016][  0]LogSlate: Could not find file for Slate resource: ../../../Engine/Content/Editor/Slate/Common/Selection_16x.png
[2016.06.02-07.41.00:016][  0]LogStreaming:Warning: Failed to read file '../../../Engine/Content/Editor/Slate/Common/Selection_16x.png' error.
[2016.06.02-07.41.00:016][  0]LogSlate: Could not find file for Slate resource: ../../../Engine/Content/Editor/Slate/Common/Selection_16x.png
[2016.06.02-07.41.00:016][  0]LogStreaming:Warning: Failed to read file '../../../Engine/Content/Editor/Slate/Common/Selection_16x.png' error.
[2016.06.02-07.41.00:016][  0]LogSlate: Could not find file for Slate resource: ../../../Engine/Content/Editor/Slate/Common/Selection_16x.png
[2016.06.02-07.41.02:895][  0]LogUdpMessaging: Initializing bridge on interface 0.0.0.0:0 to multicast group 230.0.0.1:6666.
[2016.06.02-07.41.03:152][  0]LogAssetRegistry: FAssetRegistry took 0.0719 seconds to start up
[2016.06.02-07.41.03:808][  0]SourceControl: Info Source control is disabled
[2016.06.02-07.41.04:418][  0]SourceControl: Info Source control is disabled
[2016.06.02-07.41.04:443][  0]SourceControl: Info Source control is disabled
[2016.06.02-07.41.04:464][  0]SourceControl: Info Source control is disabled
[2016.06.02-07.41.04:845][  0]LogHMD: Failed to initialize OpenVR with code 110
[2016.06.02-07.41.05:083][  0]LogEngine: Initializing Engine...
[2016.06.02-07.41.05:748][  0]LogAIModule: Creating AISystem for world NewWorld
[2016.06.02-07.41.06:136][  0]LogInit: XAudio2 using 'Realtek Digital Output (Realtek High Definition Audio)' : 2 channels at 48 kHz using 16 bits per sample (channel mask 0x3)
[2016.06.02-07.41.06:693][  0]LogInit: FAudioDevice initialized.
[2016.06.02-07.41.06:793][  0]LogDerivedDataCache: Saved boot cache 0.10s 55MB C:/Users/Felix.Roeschke/AppData/Local/UnrealEngine/4.11/DerivedDataCache/Boot.ddc.
[2016.06.02-07.41.06:811][  0]LogInit: Texture streaming: Enabled
[2016.06.02-07.41.07:023][  0]LogInit: Transaction tracking system initialized
[2016.06.02-07.41.07:106][  0]BlueprintLog: New page: Editor Load
[2016.06.02-07.41.08:000][  0]LocalizationService: Info Localization service is disabled
[2016.06.02-07.41.08:466][  0]LogConsoleResponse:Display: 
[2016.06.02-07.41.09:062][  0]LogCook:Display: Max memory allowance for cook 8192mb
[2016.06.02-07.41.09:062][  0]LogCook:Display: Mobile HDR setting 1
[2016.06.02-07.41.09:062][  0]LogCook:Display: Done creating registry. It took  0.00s.
[2016.06.02-07.41.09:428][  0]LogFileCache: Scanning file cache for directory 'C:/Users/Felix.Roeschke/Documents/Unreal Projects/KugelGameJam/Content/' took 0.01s
[2016.06.02-07.41.09:498][  0]SourceControl: Info Source control is disabled
[2016.06.02-07.41.09:498][  0]Cmd: MAP LOAD FILE="../../../../../../Users/Felix.Roeschke/Documents/Unreal Projects/KugelGameJam/Content/RollingBP/Maps/RollingBPExampleMap.umap" TEMPLATE=0 SHOWPROGRESS=1 FEATURELEVEL=3
[2016.06.02-07.41.09:499][  0]LightingResults: New page: Lighting Build
[2016.06.02-07.41.09:590][  0]MapCheck: New page: Map Check
[2016.06.02-07.41.09:590][  0]LightingResults: New page: Lighting Build
[2016.06.02-07.41.11:323][  0]LogTexture:Display: Building textures: HQ_Lightmap0_1 (AutoDXT)
[2016.06.02-07.41.26:512][  0]LogTexture:Display: Building textures: HQ_Lightmap0_2 (AutoDXT)
[2016.06.02-07.41.30:714][  0]LogTexture:Display: Building textures: HQ_Lightmap0_3 (AutoDXT)
[2016.06.02-07.41.35:272][  0]LogTexture:Display: Building textures: HQ_Lightmap0_4 (AutoDXT)
[2016.06.02-07.41.39:892][  0]LogTexture:Display: Building textures: HQ_Lightmap0_5 (AutoDXT)
[2016.06.02-07.41.46:037][  0]LogTexture:Display: Building textures: HQ_Lightmap0_6 (AutoDXT)
[2016.06.02-07.41.47:891][  0]LogTexture:Display: Building textures: HQ_Lightmap0_7 (AutoDXT)
[2016.06.02-07.41.51:810][  0]LogTexture:Display: Building textures: HQ_Lightmap0_8 (AutoDXT)
[2016.06.02-07.41.54:857][  0]LogTexture:Display: Building textures: HQ_Lightmap1_9 (AutoDXT)
[2016.06.02-07.41.56:019][  0]LogTexture:Display: Building textures: LQ_Lightmap_0_1 (DXT1)
[2016.06.02-07.42.00:098][  0]LogTexture:Display: Building textures: LQ_Lightmap_0_2 (DXT1)
[2016.06.02-07.42.01:158][  0]LogTexture:Display: Building textures: LQ_Lightmap_0_3 (DXT1)
[2016.06.02-07.42.02:314][  0]LogTexture:Display: Building textures: LQ_Lightmap_0_4 (DXT1)
[2016.06.02-07.42.03:887][  0]LogTexture:Display: Building textures: LQ_Lightmap_0_5 (DXT1)
[2016.06.02-07.42.05:499][  0]LogTexture:Display: Building textures: LQ_Lightmap_0_6 (DXT1)
[2016.06.02-07.42.06:057][  0]LogTexture:Display: Building textures: LQ_Lightmap_0_7 (DXT1)
[2016.06.02-07.42.07:004][  0]LogTexture:Display: Building textures: LQ_Lightmap_0_8 (DXT1)
[2016.06.02-07.42.07:854][  0]LogTexture:Display: Building textures: LQ_Lightmap_1_9 (DXT1)
[2016.06.02-07.42.08:019][  0]LogTexture:Display: Building textures: SkyOcclusion0_1 (AutoDXT)
[2016.06.02-07.42.14:026][  0]LogTexture:Display: Building textures: SkyOcclusion0_2 (AutoDXT)
[2016.06.02-07.42.15:183][  0]LogTexture:Display: Building textures: SkyOcclusion0_3 (AutoDXT)
[2016.06.02-07.42.17:334][  0]LogTexture:Display: Building textures: SkyOcclusion0_4 (AutoDXT)
[2016.06.02-07.42.19:614][  0]LogTexture:Display: Building textures: SkyOcclusion0_5 (AutoDXT)
[2016.06.02-07.42.21:238][  0]LogTexture:Display: Building textures: SkyOcclusion0_6 (AutoDXT)
[2016.06.02-07.42.21:715][  0]LogTexture:Display: Building textures: SkyOcclusion0_7 (AutoDXT)
[2016.06.02-07.42.22:844][  0]LogTexture:Display: Building textures: SkyOcclusion0_8 (AutoDXT)
[2016.06.02-07.42.23:907][  0]LogTexture:Display: Building textures: SkyOcclusion1_9 (AutoDXT)
[2016.06.02-07.42.23:948][  0]LogTexture:Display: Building textures: ShadowMapTexture2D_0 (G8)
[2016.06.02-07.42.24:255][  0]LogTexture:Display: Building textures: ShadowMapTexture2D_1 (G8)
[2016.06.02-07.42.24:577][  0]LogTexture:Display: Building textures: ShadowMapTexture2D_2 (G8)
[2016.06.02-07.42.24:897][  0]LogTexture:Display: Building textures: ShadowMapTexture2D_3 (G8)
[2016.06.02-07.42.25:246][  0]LogTexture:Display: Building textures: ShadowMapTexture2D_4 (G8)
[2016.06.02-07.42.25:547][  0]LogTexture:Display: Building textures: ShadowMapTexture2D_6 (G8)
[2016.06.02-07.42.25:612][  0]LogTexture:Display: Building textures: ShadowMapTexture2D_7 (G8)
[2016.06.02-07.42.26:036][  0]LogAIModule: Creating AISystem for world RollingBPExampleMap
[2016.06.02-07.42.26:116][  0]LogEditorServer: Finished looking for orphan Actors (0.000 secs)
[2016.06.02-07.42.26:125][  0]Cmd: MAP CHECKDEP NOCLEARLOG
[2016.06.02-07.42.26:239][  0]MapCheck: Info Map check complete: 0 Error(s), 0 Warning(s), took 113.982ms to complete.
[2016.06.02-07.42.26:240][  0]LogFileHelpers: Loading map 'RollingBPExampleMap' took 76.745
[2016.06.02-07.42.26:618][  0]LogCollectionManager: Loaded 0 collections in 0.004220 seconds
[2016.06.02-07.42.26:732][  0]LogFileCache: Scanning file cache for directory 'C:/Users/Felix.Roeschke/Documents/Unreal Projects/KugelGameJam/Saved/Collections/' took 0.01s
[2016.06.02-07.42.26:733][  0]LogFileCache: Scanning file cache for directory 'C:/Users/Felix.Roeschke/Documents/Unreal Projects/KugelGameJam/Content/Developers/felixroeschke/Collections/' took 0.02s
[2016.06.02-07.42.26:733][  0]LogFileCache: Scanning file cache for directory 'C:/Users/Felix.Roeschke/Documents/Unreal Projects/KugelGameJam/Content/Collections/' took 0.01s
[2016.06.02-07.42.26:733][  0]LogCollectionManager: Rebuilt the GUID cache for 0 collections in 0.000006 seconds
[2016.06.02-07.42.26:757][  0]LogContentBrowser: Native class hierarchy populated in 0.0240 seconds. Added 1979 classes and 343 folders.
[2016.06.02-07.42.26:782][  0]LogStats: UGameplayTagsManager::ConstructGameplayTagTree: Construct from data asset -  0.000 s
[2016.06.02-07.42.26:783][  0]LogStats: UGameplayTagsManager::ConstructGameplayTagTree: GameplayTagTreeChangedEvent.Broadcast -  0.000 s
[2016.06.02-07.42.26:784][  0]LogContentBrowser: Native class hierarchy updated for 'GameplayTags' in 0.0013 seconds. Added 12 classes and 0 folders.
[2016.06.02-07.42.26:798][  0]LogContentBrowser: Native class hierarchy updated for 'WidgetCarousel' in 0.0011 seconds. Added 0 classes and 0 folders.
[2016.06.02-07.42.26:814][  0]LogContentBrowser: Native class hierarchy updated for 'SuperSearch' in 0.0011 seconds. Added 1 classes and 2 folders.
[2016.06.02-07.42.26:924][  0]LogContentBrowser: Native class hierarchy updated for 'AddContentDialog' in 0.0011 seconds. Added 0 classes and 0 folders.
[2016.06.02-07.42.26:980][  0]LogContentBrowser: Native class hierarchy updated for 'SceneOutliner' in 0.0011 seconds. Added 1 classes and 2 folders.
[2016.06.02-07.42.27:251][  0]LogCrashTracker: Crashtracker disabled due to settings.
[2016.06.02-07.42.27:262][  0]LogUObjectGlobals:Warning: Failed to find object 'Class None.'
[2016.06.02-07.42.27:340][  0]LogContentBrowser: Native class hierarchy updated for 'HierarchicalLODOutliner' in 0.0011 seconds. Added 1 classes and 2 folders.
[2016.06.02-07.42.27:340][  0]LogLoad: Full Startup: 103.52 seconds (BP compile: 0.20 seconds)
[2016.06.02-07.42.27:340][  0]LogExternalProfiler: Found external profiler: VSPerf
[2016.06.02-07.42.27:340][  0]LogExternalProfiler: Using external profiler: VSPerf
[2016.06.02-07.42.27:354][  0]LogOcInput: OculusInput pre-init called
[2016.06.02-07.42.27:609][  0]LogContentStreaming: Texture pool size now 1000 MB
[2016.06.02-07.42.28:384][  0]LogRenderer: Reallocating scene render targets to support 804x540 (Frame:2).
[2016.06.02-07.42.45:104][796]LogCollectionManager: Rebuilt the object cache for 0 collections in 0.000001 seconds (found 0 objects)
[2016.06.02-07.42.51:155][798]LogAssetRegistry: Asset discovery search completed in 108.0802 seconds
[2016.06.02-07.42.51:155][798]LogCollectionManager: Fixed up redirectors for 0 collections in 0.000013 seconds (updated 0 objects)
[2016.06.02-07.43.07:923][178]Cmd: QUIT_EDITOR
[2016.06.02-07.43.08:722][178]LogExit: Preparing to exit.
[2016.06.02-07.43.10:526][178]LogExit: Editor shut down
[2016.06.02-07.43.10:527][178]LogExit: Transaction tracking system shut down
[2016.06.02-07.43.11:714][178]LogObj: Freed 0b from 0 cluster array pools.
[2016.06.02-07.43.11:715][178]LogExit: Object subsystem successfully closed.
[2016.06.02-07.43.12:016][178]LogD3D11RHI: Shutdown
[2016.06.02-07.43.12:016][178]LogD3D11RHI: CleanupD3DDevice
[2016.06.02-07.43.12:328][178]LogD3D11RHI: ~FD3D11DynamicRHI
[2016.06.02-07.43.12:835][178]LogDerivedDataCache: Shutdown
[2016.06.02-07.43.12:868][178]LogModuleManager: Shutting down and abandoning module HierarchicalLODOutliner (204)
[2016.06.02-07.43.12:868][178]LogModuleManager: Shutting down and abandoning module CrashTracker (203)
[2016.06.02-07.43.12:868][178]LogModuleManager: Shutting down and abandoning module SceneOutliner (202)
[2016.06.02-07.43.12:901][178]LogModuleManager: Shutting down and abandoning module SuperSearch (201)
[2016.06.02-07.43.12:901][178]LogModuleManager: Shutting down and abandoning module WidgetCarousel (200)
[2016.06.02-07.43.12:901][178]LogModuleManager: Shutting down and abandoning module AddContentDialog (199)
[2016.06.02-07.43.12:904][178]LogModuleManager: Shutting down and abandoning module GameplayTags (198)
[2016.06.02-07.43.12:904][178]LogModuleManager: Shutting down and abandoning module EditorWidgets (197)
[2016.06.02-07.43.12:904][178]LogModuleManager: Shutting down and abandoning module CollectionManager (196)
[2016.06.02-07.43.12:904][178]LogModuleManager: Shutting down and abandoning module StatsViewer (195)
[2016.06.02-07.43.12:904][178]LogModuleManager: Shutting down and abandoning module FoliageEdit (194)
[2016.06.02-07.43.12:904][178]LogModuleManager: Shutting down and abandoning module LandscapeEditor (193)
[2016.06.02-07.43.12:905][178]LogModuleManager: Shutting down and abandoning module ActorPickerMode (192)
[2016.06.02-07.43.12:905][178]LogModuleManager: Shutting down and abandoning module GeometryMode (191)
[2016.06.02-07.43.12:905][178]LogModuleManager: Shutting down and abandoning module TextureAlignMode (190)
[2016.06.02-07.43.12:905][178]LogModuleManager: Shutting down and abandoning module BspMode (189)
[2016.06.02-07.43.12:905][178]LogModuleManager: Shutting down and abandoning module PlacementMode (188)
[2016.06.02-07.43.12:905][178]LogModuleManager: Shutting down and abandoning module AutomationWorker (187)
[2016.06.02-07.43.12:905][178]LogModuleManager: Shutting down and abandoning module CharacterAI (186)
[2016.06.02-07.43.12:905][178]LogModuleManager: Shutting down and abandoning module SmartSnapping (185)
[2016.06.02-07.43.12:905][178]LogModuleManager: Shutting down and abandoning module ViewportSnapping (184)
[2016.06.02-07.43.12:905][178]LogModuleManager: Shutting down and abandoning module LogVisualizer (183)
[2016.06.02-07.43.12:905][178]LogModuleManager: Shutting down and abandoning module GameProjectGeneration (182)
[2016.06.02-07.43.12:906][178]LogModuleManager: Shutting down and abandoning module IntroTutorials (181)
[2016.06.02-07.43.12:906][178]LogModuleManager: Shutting down and abandoning module EditorLiveStreaming (180)
[2016.06.02-07.43.12:906][178]LogModuleManager: Shutting down and abandoning module IOSPlatformEditor (179)
[2016.06.02-07.43.12:906][178]LogModuleManager: Shutting down and abandoning module HTML5PlatformEditor (178)
[2016.06.02-07.43.12:906][178]LogModuleManager: Shutting down and abandoning module AndroidDeviceDetection (177)
[2016.06.02-07.43.13:788][178]LogModuleManager: Shutting down and abandoning module AndroidPlatformEditor (176)
[2016.06.02-07.43.13:788][178]LogModuleManager: Shutting down and abandoning module IOSRuntimeSettings (175)
[2016.06.02-07.43.13:788][178]LogModuleManager: Shutting down and abandoning module AndroidRuntimeSettings (174)
[2016.06.02-07.43.13:788][178]LogModuleManager: Shutting down and abandoning module MergeActors (173)
[2016.06.02-07.43.13:788][178]LogModuleManager: Shutting down and abandoning module SizeMap (172)
[2016.06.02-07.43.13:788][178]LogModuleManager: Shutting down and abandoning module TreeMap (171)
[2016.06.02-07.43.13:788][178]LogModuleManager: Shutting down and abandoning module ReferenceViewer (170)
[2016.06.02-07.43.13:788][178]LogModuleManager: Shutting down and abandoning module LocalizationService (169)
[2016.06.02-07.43.13:788][178]LogModuleManager: Shutting down and abandoning module LocalizationDashboard (168)
[2016.06.02-07.43.13:788][178]LogModuleManager: Shutting down and abandoning module HardwareTargeting (167)
[2016.06.02-07.43.13:788][178]LogModuleManager: Shutting down and abandoning module DeviceProfileEditor (166)
[2016.06.02-07.43.13:788][178]LogModuleManager: Shutting down and abandoning module UndoHistory (165)
[2016.06.02-07.43.13:788][178]LogModuleManager: Shutting down and abandoning module UserFeedback (164)
[2016.06.02-07.43.13:788][178]LogModuleManager: Shutting down and abandoning module XmlParser (163)
[2016.06.02-07.43.13:788][178]LogModuleManager: Shutting down and abandoning module Blutility (162)
[2016.06.02-07.43.13:788][178]LogModuleManager: Shutting down and abandoning module ProjectTargetPlatformEditor (161)
[2016.06.02-07.43.13:789][178]LogModuleManager: Shutting down and abandoning module ProjectSettingsViewer (160)
[2016.06.02-07.43.13:789][178]LogModuleManager: Shutting down and abandoning module InputBindingEditor (159)
[2016.06.02-07.43.13:789][178]LogModuleManager: Shutting down and abandoning module EditorSettingsViewer (158)
[2016.06.02-07.43.13:789][178]LogModuleManager: Shutting down and abandoning module SettingsEditor (157)
[2016.06.02-07.43.13:789][178]LogModuleManager: Shutting down and abandoning module ProjectLauncher (156)
[2016.06.02-07.43.13:789][178]LogModuleManager: Shutting down and abandoning module SessionFrontend (155)
[2016.06.02-07.43.13:789][178]LogModuleManager: Shutting down and abandoning module ProfilerClient (154)
[2016.06.02-07.43.13:789][178]LogModuleManager: Shutting down and abandoning module TargetDeviceServices (153)
[2016.06.02-07.43.13:789][178]LogModuleManager: Shutting down and abandoning module DeviceManager (152)
[2016.06.02-07.43.13:886][178]LogModuleManager: Shutting down and abandoning module AutomationController (151)
[2016.06.02-07.43.13:886][178]LogModuleManager: Shutting down and abandoning module AutomationWindow (150)
[2016.06.02-07.43.13:886][178]LogModuleManager: Shutting down and abandoning module Layers (149)
[2016.06.02-07.43.13:886][178]LogModuleManager: Shutting down and abandoning module ComponentVisualizers (148)
[2016.06.02-07.43.13:886][178]LogModuleManager: Shutting down and abandoning module DetailCustomizations (147)
[2016.06.02-07.43.13:886][178]LogModuleManager: Shutting down and abandoning module PackagesDialog (146)
[2016.06.02-07.43.13:886][178]LogModuleManager: Shutting down and abandoning module Persona (145)
[2016.06.02-07.43.13:886][178]LogModuleManager: Shutting down and abandoning module Kismet (144)
[2016.06.02-07.43.13:886][178]LogModuleManager: Shutting down and abandoning module GraphEditor (143)
[2016.06.02-07.43.13:886][178]LogModuleManager: Shutting down and abandoning module ClassViewer (142)
[2016.06.02-07.43.13:886][178]LogModuleManager: Shutting down and abandoning module Toolbox (141)
[2016.06.02-07.43.13:887][178]LogModuleManager: Shutting down and abandoning module ModuleUI (140)
[2016.06.02-07.43.13:887][178]LogModuleManager: Shutting down and abandoning module MovieSceneTools (139)
[2016.06.02-07.43.13:887][178]LogModuleManager: Shutting down and abandoning module OutputLog (138)
[2016.06.02-07.43.13:887][178]LogModuleManager: Shutting down and abandoning module GammaUI (137)
[2016.06.02-07.43.13:887][178]LogModuleManager: Shutting down and abandoning module Documentation (136)
[2016.06.02-07.43.13:887][178]LogModuleManager: Shutting down and abandoning module StreamingPauseRendering (135)
[2016.06.02-07.43.13:887][178]LogModuleManager: Shutting down and abandoning module AnalyticsET (134)
[2016.06.02-07.43.13:887][178]LogModuleManager: Shutting down and abandoning module Analytics (133)
[2016.06.02-07.43.13:887][178]LogModuleManager: Shutting down and abandoning module PortalServices (132)
[2016.06.02-07.43.13:887][178]LogModuleManager: Shutting down and abandoning module PortalRpc (131)
[2016.06.02-07.43.13:887][178]LogModuleManager: Shutting down and abandoning module MessagingRpc (130)
[2016.06.02-07.43.13:887][178]LogModuleManager: Shutting down and abandoning module AITestSuite (129)
[2016.06.02-07.43.13:887][178]LogModuleManager: Shutting down and abandoning module GameplayDebugger (128)
[2016.06.02-07.43.13:887][178]LogModuleManager: Shutting down and abandoning module AIModule (127)
[2016.06.02-07.43.13:887][178]LogModuleManager: Shutting down and abandoning module ProfilerService (126)
[2016.06.02-07.43.14:077][178]LogModuleManager: Shutting down and abandoning module TaskGraph (125)
[2016.06.02-07.43.14:077][178]LogModuleManager: Shutting down and abandoning module SlateRemote (124)
[2016.06.02-07.43.14:077][178]LogModuleManager: Shutting down and abandoning module SteamVRController (123)
[2016.06.02-07.43.14:077][178]LogModuleManager: Shutting down and abandoning module SteamVR (122)
[2016.06.02-07.43.14:077][178]LogModuleManager: Shutting down and abandoning module ProceduralMeshComponent (121)
[2016.06.02-07.43.14:077][178]LogModuleManager: Shutting down and abandoning module OculusLibrary (120)
[2016.06.02-07.43.14:077][178]LogModuleManager: Shutting down and abandoning module OculusInput (119)
[2016.06.02-07.43.14:077][178]LogModuleManager: Shutting down and abandoning module CustomMeshComponent (118)
[2016.06.02-07.43.14:077][178]LogModuleManager: Shutting down and abandoning module CableComponent (117)
[2016.06.02-07.43.14:077][178]LogModuleManager: Shutting down and abandoning module ArchVisCharacter (116)
[2016.06.02-07.43.14:077][178]LogModuleManager: Shutting down and abandoning module MediaPlayerEditor (115)
[2016.06.02-07.43.14:077][178]LogModuleManager: Shutting down and abandoning module HTML5Networking (114)
[2016.06.02-07.43.14:077][178]LogModuleManager: Shutting down and abandoning module SpeedTreeImporter (113)
[2016.06.02-07.43.14:077][178]LogModuleManager: Shutting down and abandoning module PluginBrowser (112)
[2016.06.02-07.43.14:077][178]LogModuleManager: Shutting down and abandoning module EpicSurvey (111)
[2016.06.02-07.43.14:181][178]LogModuleManager: Shutting down and abandoning module DesktopPlatform (110)
[2016.06.02-07.43.14:181][178]LogModuleManager: Shutting down and abandoning module VisualStudioSourceCodeAccess (109)
[2016.06.02-07.43.14:181][178]LogModuleManager: Shutting down and abandoning module UObjectPlugin (108)
[2016.06.02-07.43.14:181][178]LogModuleManager: Shutting down and abandoning module SubversionSourceControl (107)
[2016.06.02-07.43.14:181][178]LogModuleManager: Shutting down and abandoning module PerforceSourceControl (106)
[2016.06.02-07.43.14:181][178]LogModuleManager: Shutting down and abandoning module SourceControl (105)
[2016.06.02-07.43.14:181][178]LogModuleManager: Shutting down and abandoning module GitSourceControl (104)
[2016.06.02-07.43.14:181][178]LogModuleManager: Shutting down and abandoning module LightPropagationVolumeEditor (103)
[2016.06.02-07.43.14:181][178]LogModuleManager: Shutting down and abandoning module PaperTiledImporter (102)
[2016.06.02-07.43.14:181][178]LogModuleManager: Shutting down and abandoning module PaperSpriteSheetImporter (101)
[2016.06.02-07.43.14:181][178]LogModuleManager: Shutting down and abandoning module MeshPaint (100)
[2016.06.02-07.43.14:181][178]LogModuleManager: Shutting down and abandoning module HotReload (99)
[2016.06.02-07.43.14:183][178]LogModuleManager: Shutting down and abandoning module MainFrame (98)
[2016.06.02-07.43.14:184][178]LogModuleManager: Shutting down and abandoning module LevelEditor (97)
[2016.06.02-07.43.14:185][178]LogModuleManager: Shutting down and abandoning module DirectoryWatcher (96)
[2016.06.02-07.43.14:187][178]LogModuleManager: Shutting down and abandoning module AssetRegistry (95)
[2016.06.02-07.43.14:436][178]LogModuleManager: Shutting down and abandoning module ContentBrowser (94)
[2016.06.02-07.43.14:438][178]LogModuleManager: Shutting down and abandoning module Paper2DEditor (93)
[2016.06.02-07.43.14:439][178]LogModuleManager: Shutting down and abandoning module UdpMessaging (92)
[2016.06.02-07.43.14:569][178]LogModuleManager: Shutting down and abandoning module LightPropagationVolumeRuntime (91)
[2016.06.02-07.43.14:569][178]LogModuleManager: Shutting down and abandoning module Paper2D (90)
[2016.06.02-07.43.14:569][178]LogModuleManager: Shutting down and abandoning module WindowsMoviePlayer (89)
[2016.06.02-07.43.14:569][178]LogModuleManager: Shutting down and abandoning module Media (88)
[2016.06.02-07.43.14:569][178]LogModuleManager: Shutting down and abandoning module WmfMedia (87)
[2016.06.02-07.43.14:570][178]LogModuleManager: Shutting down and abandoning module MediaAssets (86)
[2016.06.02-07.43.14:570][178]LogModuleManager: Shutting down and abandoning module GameLiveStreaming (85)
[2016.06.02-07.43.14:570][178]LogModuleManager: Shutting down and abandoning module GameplayTagsEditor (84)
[2016.06.02-07.43.14:570][178]LogModuleManager: Shutting down and abandoning module OnlineBlueprintSupport (83)
[2016.06.02-07.43.14:570][178]LogModuleManager: Shutting down and abandoning module GameplayTasksEditor (82)
[2016.06.02-07.43.14:570][178]LogModuleManager: Shutting down and abandoning module PropertyEditor (81)
[2016.06.02-07.43.14:570][178]LogModuleManager: Shutting down and abandoning module BehaviorTreeEditor (80)
[2016.06.02-07.43.14:570][178]LogModuleManager: Shutting down and abandoning module FunctionalTesting (79)
[2016.06.02-07.43.14:570][178]LogModuleManager: Shutting down and abandoning module CollisionAnalyzer (78)
[2016.06.02-07.43.14:570][178]LogModuleManager: Shutting down and abandoning module WorkspaceMenuStructure (77)
[2016.06.02-07.43.14:571][178]LogModuleManager: Shutting down and abandoning module MessageLog (76)
[2016.06.02-07.43.14:571][178]LogModuleManager: Shutting down and abandoning module Sequencer (75)
[2016.06.02-07.43.14:571][178]LogModuleManager: Shutting down and abandoning module AssetTools (74)
[2016.06.02-07.43.14:571][178]LogModuleManager: Shutting down and abandoning module UMGEditor (73)
[2016.06.02-07.43.14:571][178]LogModuleManager: Shutting down and abandoning module UMG (72)
[2016.06.02-07.43.14:571][178]LogModuleManager: Shutting down and abandoning module SlateReflector (71)
[2016.06.02-07.43.14:571][178]LogModuleManager: Shutting down and abandoning module Slate (70)
[2016.06.02-07.43.14:571][178]LogModuleManager: Shutting down and abandoning module EditorStyle (69)
[2016.06.02-07.43.14:577][178]LogModuleManager: Shutting down and abandoning module SessionServices (68)
[2016.06.02-07.43.14:578][178]LogModuleManager: Shutting down and abandoning module SourceCodeAccess (67)
[2016.06.02-07.43.14:578][178]LogModuleManager: Shutting down and abandoning module HeadMountedDisplay (66)
[2016.06.02-07.43.14:578][178]LogModuleManager: Shutting down and abandoning module XAudio2 (65)
[2016.06.02-07.43.14:578][178]LogModuleManager: Shutting down and abandoning module Networking (63)
[2016.06.02-07.43.14:578][178]LogModuleManager: Shutting down and abandoning module Core (62)
[2016.06.02-07.43.14:578][178]LogModuleManager: Shutting down and abandoning module KismetCompiler (61)
[2016.06.02-07.43.14:578][178]LogModuleManager: Shutting down and abandoning module PhysXFormats (60)
[2016.06.02-07.43.14:578][178]LogModuleManager: Shutting down and abandoning module MeshUtilities (59)
[2016.06.02-07.43.14:578][178]LogModuleManager: Shutting down and abandoning module CookingStats (58)
[2016.06.02-07.43.14:578][178]LogModuleManager: Shutting down and abandoning module DerivedDataCache (57)
[2016.06.02-07.43.14:578][178]LogDerivedDataCache: Shutdown
[2016.06.02-07.43.14:578][178]LogModuleManager: Shutting down and abandoning module ShaderFormatOpenGL (56)
[2016.06.02-07.43.14:578][178]LogModuleManager: Shutting down and abandoning module ShaderFormatD3D (55)
[2016.06.02-07.43.14:578][178]LogModuleManager: Shutting down and abandoning module MetalShaderFormat (54)
[2016.06.02-07.43.14:578][178]LogModuleManager: Shutting down and abandoning module TextureFormatUncompressed (53)
[2016.06.02-07.43.14:578][178]LogModuleManager: Shutting down and abandoning module TextureFormatPVR (52)
[2016.06.02-07.43.14:578][178]LogModuleManager: Shutting down and abandoning module TextureFormatIntelISPCTexComp (51)
[2016.06.02-07.43.14:579][178]LogModuleManager: Shutting down and abandoning module TextureFormatDXT (50)
[2016.06.02-07.43.14:579][178]LogModuleManager: Shutting down and abandoning module ImageWrapper (49)
[2016.06.02-07.43.14:579][178]LogModuleManager: Shutting down and abandoning module TextureFormatASTC (48)
[2016.06.02-07.43.14:579][178]LogModuleManager: Shutting down and abandoning module TextureFormatAndroid (47)
[2016.06.02-07.43.14:579][178]LogModuleManager: Shutting down and abandoning module AudioFormatOpus (46)
[2016.06.02-07.43.14:579][178]LogModuleManager: Shutting down and abandoning module AudioFormatOgg (45)
[2016.06.02-07.43.14:579][178]LogModuleManager: Shutting down and abandoning module AudioFormatADPCM (44)
[2016.06.02-07.43.14:579][178]LogModuleManager: Shutting down and abandoning module LinuxTargetPlatform (43)
[2016.06.02-07.43.14:579][178]LogModuleManager: Shutting down and abandoning module LinuxServerTargetPlatform (42)
[2016.06.02-07.43.14:579][178]LogModuleManager: Shutting down and abandoning module LinuxNoEditorTargetPlatform (41)
[2016.06.02-07.43.14:579][178]LogModuleManager: Shutting down and abandoning module TVOSTargetPlatform (40)
[2016.06.02-07.43.14:579][178]LogModuleManager: Shutting down and abandoning module Messaging (39)
[2016.06.02-07.43.14:579][178]LogModuleManager: Shutting down and abandoning module IOSTargetPlatform (38)
[2016.06.02-07.43.14:579][178]LogModuleManager: Shutting down and abandoning module HTML5TargetPlatform (37)
[2016.06.02-07.43.14:579][178]LogModuleManager: Shutting down and abandoning module Android_PVRTCTargetPlatform (36)
[2016.06.02-07.43.14:579][178]LogModuleManager: Shutting down and abandoning module Android_MultiTargetPlatform (35)
[2016.06.02-07.43.14:579][178]LogModuleManager: Shutting down and abandoning module Android_ETC2TargetPlatform (34)
[2016.06.02-07.43.14:579][178]LogModuleManager: Shutting down and abandoning module Android_ETC1TargetPlatform (33)
[2016.06.02-07.43.14:579][178]LogModuleManager: Shutting down and abandoning module Android_DXTTargetPlatform (32)
[2016.06.02-07.43.14:579][178]LogModuleManager: Shutting down and abandoning module Android_ATCTargetPlatform (31)
[2016.06.02-07.43.14:579][178]LogModuleManager: Shutting down and abandoning module Android_ASTCTargetPlatform (30)
[2016.06.02-07.43.14:579][178]LogModuleManager: Shutting down and abandoning module AndroidTargetPlatform (29)
[2016.06.02-07.43.14:580][178]LogModuleManager: Shutting down and abandoning module WindowsTargetPlatform (28)
[2016.06.02-07.43.14:580][178]LogModuleManager: Shutting down and abandoning module WindowsServerTargetPlatform (27)
[2016.06.02-07.43.14:580][178]LogModuleManager: Shutting down and abandoning module WindowsNoEditorTargetPlatform (26)
[2016.06.02-07.43.14:580][178]LogModuleManager: Shutting down and abandoning module WindowsClientTargetPlatform (25)
[2016.06.02-07.43.14:580][178]LogModuleManager: Shutting down and abandoning module AllDesktopTargetPlatform (24)
[2016.06.02-07.43.14:580][178]LogModuleManager: Shutting down and abandoning module TargetPlatform (23)
[2016.06.02-07.43.14:580][178]LogModuleManager: Shutting down and abandoning module InputCore (22)
[2016.06.02-07.43.14:580][178]LogModuleManager: Shutting down and abandoning module Settings (21)
[2016.06.02-07.43.14:580][178]LogModuleManager: Shutting down and abandoning module OnlineSubsystem (19)
[2016.06.02-07.43.14:580][178]LogModuleManager: Shutting down and abandoning module HTTP (18)
[2016.06.02-07.43.17:232][178]LogModuleManager: Shutting down and abandoning module XMPP (17)
[2016.06.02-07.43.17:232][178]LogModuleManager: Shutting down and abandoning module OculusRift (16)
[2016.06.02-07.43.17:233][178]LogModuleManager: Shutting down and abandoning module ExampleDeviceProfileSelector (15)
[2016.06.02-07.43.17:233][178]LogModuleManager: Shutting down and abandoning module TextureCompressor (14)
[2016.06.02-07.43.17:233][178]LogModuleManager: Shutting down and abandoning module ShaderCore (13)
[2016.06.02-07.43.17:233][178]LogModuleManager: Shutting down and abandoning module Landscape (12)
[2016.06.02-07.43.17:233][178]LogModuleManager: Shutting down and abandoning module SlateRHIRenderer (11)
[2016.06.02-07.43.17:236][178]LogModuleManager: Shutting down and abandoning module OpenGLDrv (10)
[2016.06.02-07.43.17:236][178]LogModuleManager: Shutting down and abandoning module D3D11RHI (9)
[2016.06.02-07.43.17:236][178]LogModuleManager: Shutting down and abandoning module AnimGraphRuntime (8)
[2016.06.02-07.43.17:236][178]LogModuleManager: Shutting down and abandoning module Renderer (7)
[2016.06.02-07.43.17:236][178]LogModuleManager: Shutting down and abandoning module Engine (6)
[2016.06.02-07.43.17:236][178]LogModuleManager: Shutting down and abandoning module CoreUObject (5)
[2016.06.02-07.43.17:236][178]LogModuleManager: Shutting down and abandoning module NetworkFile (4)
[2016.06.02-07.43.17:236][178]LogModuleManager: Shutting down and abandoning module StreamingFile (3)
[2016.06.02-07.43.17:236][178]LogModuleManager: Shutting down and abandoning module SandboxFile (2)
[2016.06.02-07.43.17:236][178]LogModuleManager: Shutting down and abandoning module PakFile (1)
[2016.06.02-07.43.17:303][178]LogExit: Exiting.
[2016.06.02-07.43.17:375][178]Log file closed, 06/02/16 09:43:17
