Log file open, 06/02/16 10:17:45
LogInit:Display: Running engine for game: KugelGameJam
LogPlatformFile: Not using cached read wrapper
LogInit:Display: RandInit(-881321596) SRandInit(-881321591).
LogTaskGraph: Started task graph with 4 named threads and 7 total threads.
LogStats: Stats thread started at 0.131177
LogInit: Version: 4.11.2-2946394+++UE4+Release-4.11
LogInit: API Version: 2927265
LogInit: Compiled (64-bit): Apr 18 2016 02:18:46
LogInit: Compiled with Visual C++: 19.00.23026.00
LogInit: Build Configuration: Development
LogInit: Branch Name: ++UE4+Release-4.11
LogInit: Command line:  
LogInit: Base directory: C:/Program Files/Epic Games/4.11/Engine/Binaries/Win64/
LogInit: Installed Engine Build: 1
LogInit: Using libcurl 7.41.0
LogInit:  - built for x86_64-pc-win32
LogInit:  - supports SSL with WinSSL
LogInit:  - other features:
LogInit:      CURL_VERSION_SSL
LogInit:      CURL_VERSION_IPV6
LogInit:      CURL_VERSION_ASYNCHDNS
LogInit:      CURL_VERSION_LARGEFILE
LogInit:      CURL_VERSION_IDN
LogInit:  CurlRequestOptions (configurable via config and command line):
LogInit:  - bVerifyPeer = true  - Libcurl will verify peer certificate
LogInit:  - bUseHttpProxy = false  - Libcurl will NOT use HTTP proxy
LogInit:  - bDontReuseConnections = false  - Libcurl will reuse connections
LogInit:  - CertBundlePath = nullptr  - Libcurl will use whatever was configured at build time.
LogInit: Presizing for max 16777216 objects, including 0 objects not considered by GC, pre-allocating 0 bytes for permanent pool.
LogInit: Object subsystem initialized
[2016.06.02-08.17.45:554][  0]LogInit: Selected Device Profile: [Windows]
[2016.06.02-08.17.45:555][  0]LogInit: Applying CVar settings loaded from the selected device profile: [Windows]
[2016.06.02-08.17.45:588][  0]LogInit: Computer: 2014-GA-018
[2016.06.02-08.17.45:588][  0]LogInit: User: sarahlindhorst
[2016.06.02-08.17.45:588][  0]LogInit: CPU Page size=65536, Cores=4
[2016.06.02-08.17.45:588][  0]LogInit: High frequency timer resolution =3.117802 MHz
[2016.06.02-08.17.45:589][  0]LogMemory: Memory total: Physical=7.9GB (8GB approx)
[2016.06.02-08.17.45:589][  0]LogMemory: Platform Memory Stats for Windows
[2016.06.02-08.17.45:589][  0]LogMemory: Process Physical Memory: 313.03 MB used, 313.03 MB peak
[2016.06.02-08.17.45:589][  0]LogMemory: Process Virtual Memory: 316.84 MB used, 316.84 MB peak
[2016.06.02-08.17.45:589][  0]LogMemory: Physical Memory: 3567.13 MB used, 8140.13 MB total
[2016.06.02-08.17.45:589][  0]LogMemory: Virtual Memory: 622.13 MB used, 8388608.00 MB total
[2016.06.02-08.17.45:664][  0]LogTextLocalizationManager: No translations for ('de-DE') exist, falling back to 'en' for localization and internationalization data.
[2016.06.02-08.17.47:121][  0]LogD3D11RHI: D3D11 adapters:
[2016.06.02-08.17.47:168][  0]LogD3D11RHI:    0. 'NVIDIA GeForce GTX 760' (Feature Level 11_0)
[2016.06.02-08.17.47:168][  0]LogD3D11RHI:       1990MB of dedicated video memory, 0MB of dedicated system memory, and 2048MB of shared system memory, 2 output[s]
[2016.06.02-08.17.47:168][  0]LogD3D11RHI: Chosen D3D11 Adapter: 0
[2016.06.02-08.17.47:181][  0]LogD3D11RHI: Creating new Direct3DDevice
[2016.06.02-08.17.47:181][  0]LogD3D11RHI:     Adapter Name: NVIDIA GeForce GTX 760
[2016.06.02-08.17.47:181][  0]LogD3D11RHI:   Driver Version: Unknown (internal Unknown)
[2016.06.02-08.17.47:181][  0]LogD3D11RHI:      Driver Date: Unknown
[2016.06.02-08.17.47:181][  0]LogRHI: Texture pool is 1361 MB (70% of 1945 MB)
[2016.06.02-08.17.47:205][  0]LogD3D11RHI: Async texture creation enabled
[2016.06.02-08.17.47:230][  0]LogShaderCompilers: Guid format shader working directory is -30 characters bigger than the processId version (../../../../../../Users/sarah.lindhorst/Documents/GitHub/KugelGameJam/KugelGameJam/Intermediate/Shaders/WorkingDirectory/4772/).
[2016.06.02-08.17.47:231][  0]LogShaderCompilers: Cleaned the shader compiler working directory 'C:/Users/SARAH~1.LIN/AppData/Local/Temp/UnrealShaderWorkingDir/2248BEA6438EE303313F2CB77C593B6C/'.
[2016.06.02-08.17.47:231][  0]LogShaderCompilers:Display: Using Local Shader Compiler.
[2016.06.02-08.17.50:310][  0]LogTemp:Display: Loaded TP AllDesktopTargetPlatform
[2016.06.02-08.17.50:324][  0]LogTemp:Display: Loaded TP WindowsClientTargetPlatform
[2016.06.02-08.17.50:337][  0]LogTemp:Display: Loaded TP WindowsNoEditorTargetPlatform
[2016.06.02-08.17.50:352][  0]LogTemp:Display: Loaded TP WindowsServerTargetPlatform
[2016.06.02-08.17.50:366][  0]LogTemp:Display: Loaded TP WindowsTargetPlatform
[2016.06.02-08.17.50:376][  0]LogTemp:Display: Loaded TP AndroidTargetPlatform
[2016.06.02-08.17.50:387][  0]LogTemp:Display: Loaded TP Android_ASTCTargetPlatform
[2016.06.02-08.17.50:397][  0]LogTemp:Display: Loaded TP Android_ATCTargetPlatform
[2016.06.02-08.17.50:407][  0]LogTemp:Display: Loaded TP Android_DXTTargetPlatform
[2016.06.02-08.17.50:418][  0]LogTemp:Display: Loaded TP Android_ETC1TargetPlatform
[2016.06.02-08.17.50:428][  0]LogTemp:Display: Loaded TP Android_ETC2TargetPlatform
[2016.06.02-08.17.50:449][  0]LogTemp:Display: Loaded TP Android_MultiTargetPlatform
[2016.06.02-08.17.50:449][  0]LogTemp:Display: Loaded TP Android_PVRTCTargetPlatform
[2016.06.02-08.17.50:451][  0]LogTemp:Display: Loaded TP HTML5TargetPlatform
[2016.06.02-08.17.50:480][  0]LogTemp:Display: Loaded TP IOSTargetPlatform
[2016.06.02-08.17.50:489][  0]LogTemp:Display: Loaded TP TVOSTargetPlatform
[2016.06.02-08.17.50:499][  0]LogTemp:Display: Loaded TP LinuxNoEditorTargetPlatform
[2016.06.02-08.17.50:510][  0]LogTemp:Display: Loaded TP LinuxServerTargetPlatform
[2016.06.02-08.17.50:521][  0]LogTemp:Display: Loaded TP LinuxTargetPlatform
[2016.06.02-08.17.50:521][  0]LogTargetPlatformManager:Display: Building Assets For Windows
[2016.06.02-08.17.50:727][  0]LogDerivedDataCache:Display: Max Cache Size: 512 MB
[2016.06.02-08.17.50:876][  0]LogDerivedDataCache: Loaded boot cache 0.15s 46MB C:/Users/sarah.lindhorst/AppData/Local/UnrealEngine/4.11/DerivedDataCache/Boot.ddc.
[2016.06.02-08.17.50:876][  0]LogDerivedDataCache:Display: Loaded Boot cache: C:/Users/sarah.lindhorst/AppData/Local/UnrealEngine/4.11/DerivedDataCache/Boot.ddc
[2016.06.02-08.17.50:876][  0]LogDerivedDataCache: FDerivedDataBackendGraph:  Pak pak cache file ../../../../../../Users/sarah.lindhorst/Documents/GitHub/KugelGameJam/KugelGameJam/DerivedDataCache/DDC.ddp not found, will not use a pak cache.
[2016.06.02-08.17.50:876][  0]LogDerivedDataCache: Unable to find inner node Pak for hierarchical cache Hierarchy.
[2016.06.02-08.17.50:876][  0]LogDerivedDataCache: FDerivedDataBackendGraph:  CompressedPak pak cache file ../../../../../../Users/sarah.lindhorst/Documents/GitHub/KugelGameJam/KugelGameJam/DerivedDataCache/Compressed.ddp not found, will not use a pak cache.
[2016.06.02-08.17.50:876][  0]LogDerivedDataCache: Unable to find inner node CompressedPak for hierarchical cache Hierarchy.
[2016.06.02-08.17.50:931][  0]LogDerivedDataCache:Display: Pak cache opened for reading ../../../Engine/DerivedDataCache/Compressed.ddp.
[2016.06.02-08.17.50:945][  0]LogDerivedDataCache: Using Local data cache path C:/Users/sarah.lindhorst/AppData/Local/UnrealEngine/Common/DerivedDataCache: Writable
[2016.06.02-08.17.51:452][  0]LogInit: Selected Device Profile: [Windows]
[2016.06.02-08.17.51:454][  0]LogContentStreaming: Texture pool size is 0.00 MB
[2016.06.02-08.17.51:527][  0]LogMaterial: Uniform references updated for custom material expression Custom.
[2016.06.02-08.17.51:999][  0]LogMeshUtilities: No automatic mesh reduction module available
[2016.06.02-08.17.51:999][  0]LogMeshUtilities: No automatic mesh merging module available
[2016.06.02-08.17.51:999][  0]LogMeshUtilities: No distributed automatic mesh merging module available
[2016.06.02-08.17.52:733][  0]LogUObjectArray: 27679 objects as part of root set at end of initial load.
[2016.06.02-08.17.52:733][  0]LogUObjectAllocator: 5591592 out of 0 bytes used by permanent object pool.
[2016.06.02-08.17.52:733][  0]LogUObjectArray: CloseDisregardForGC: 0/0 objects in disregard for GC pool
[2016.06.02-08.17.52:751][  0]LogInit: WinSock: version 1.1 (2.2), MaxSocks=32767, MaxUdp=65467
[2016.06.02-08.17.53:015][  0]LogSlate: SlateFontCache - WITH_FREETYPE: 1, WITH_HARFBUZZ: 1
[2016.06.02-08.17.53:015][  0]LogSlate: SlateFontCache - WITH_FREETYPE: 1, WITH_HARFBUZZ: 1
[2016.06.02-08.17.53:348][  0]LogStreaming:Warning: Failed to read file '../../../Engine/Content/Editor/Slate/Common/Selection_16x.png' error.
[2016.06.02-08.17.53:348][  0]LogSlate: Could not find file for Slate resource: ../../../Engine/Content/Editor/Slate/Common/Selection_16x.png
[2016.06.02-08.17.53:348][  0]LogStreaming:Warning: Failed to read file '../../../Engine/Content/Editor/Slate/Common/Selection_16x.png' error.
[2016.06.02-08.17.53:348][  0]LogSlate: Could not find file for Slate resource: ../../../Engine/Content/Editor/Slate/Common/Selection_16x.png
[2016.06.02-08.17.53:348][  0]LogStreaming:Warning: Failed to read file '../../../Engine/Content/Editor/Slate/Common/Selection_16x.png' error.
[2016.06.02-08.17.53:348][  0]LogSlate: Could not find file for Slate resource: ../../../Engine/Content/Editor/Slate/Common/Selection_16x.png
[2016.06.02-08.17.55:112][  0]LogUdpMessaging: Initializing bridge on interface 0.0.0.0:0 to multicast group 230.0.0.1:6666.
[2016.06.02-08.17.55:265][  0]LogAssetRegistry: FAssetRegistry took 0.0207 seconds to start up
[2016.06.02-08.17.55:720][  0]SourceControl: Info Source control is disabled
[2016.06.02-08.17.55:844][  0]SourceControl: Info Source control is disabled
[2016.06.02-08.17.55:864][  0]SourceControl: Info Source control is disabled
[2016.06.02-08.17.55:883][  0]SourceControl: Info Source control is disabled
[2016.06.02-08.17.56:187][  0]LogHMD: Failed to initialize OpenVR with code 110
[2016.06.02-08.17.56:388][  0]LogEngine: Initializing Engine...
[2016.06.02-08.17.56:899][  0]LogAIModule: Creating AISystem for world NewWorld
[2016.06.02-08.17.56:911][  0]LogInit: XAudio2 using 'Realtek Digital Output (Realtek High Definition Audio)' : 2 channels at 48 kHz using 16 bits per sample (channel mask 0x3)
[2016.06.02-08.17.56:937][  0]LogInit: FAudioDevice initialized.
[2016.06.02-08.17.57:008][  0]LogDerivedDataCache: Saved boot cache 0.07s 46MB C:/Users/sarah.lindhorst/AppData/Local/UnrealEngine/4.11/DerivedDataCache/Boot.ddc.
[2016.06.02-08.17.57:024][  0]LogInit: Texture streaming: Enabled
[2016.06.02-08.17.57:085][  0]LogInit: Transaction tracking system initialized
[2016.06.02-08.17.57:155][  0]BlueprintLog: New page: Editor Load
[2016.06.02-08.17.57:371][  0]LocalizationService: Info Localization service is disabled
[2016.06.02-08.17.57:541][  0]LogConsoleResponse:Display: 
[2016.06.02-08.17.57:878][  0]LogCook:Display: Max memory allowance for cook 8192mb
[2016.06.02-08.17.57:878][  0]LogCook:Display: Mobile HDR setting 1
[2016.06.02-08.17.57:878][  0]LogCook:Display: Done creating registry. It took  0.00s.
[2016.06.02-08.17.58:013][  0]LogFileCache: Scanning file cache for directory 'C:/Users/sarah.lindhorst/Documents/GitHub/KugelGameJam/KugelGameJam/Content/' took 0.01s
[2016.06.02-08.17.58:013][  0]SourceControl: Info Source control is disabled
[2016.06.02-08.17.58:014][  0]Cmd: MAP LOAD FILE="../../../../../../Users/sarah.lindhorst/Documents/GitHub/KugelGameJam/KugelGameJam/Content/RollingBP/Maps/RollingBPExampleMap.umap" TEMPLATE=0 SHOWPROGRESS=1 FEATURELEVEL=3
[2016.06.02-08.17.58:015][  0]LightingResults: New page: Lighting Build
[2016.06.02-08.17.58:023][  0]MapCheck: New page: Map Check
[2016.06.02-08.17.58:023][  0]LightingResults: New page: Lighting Build
[2016.06.02-08.17.59:138][  0]LogAIModule: Creating AISystem for world RollingBPExampleMap
[2016.06.02-08.17.59:169][  0]LogEditorServer: Finished looking for orphan Actors (0.000 secs)
[2016.06.02-08.17.59:171][  0]Cmd: MAP CHECKDEP NOCLEARLOG
[2016.06.02-08.17.59:282][  0]MapCheck: Info Map check complete: 0 Error(s), 0 Warning(s), took 110.715ms to complete.
[2016.06.02-08.17.59:282][  0]LogFileHelpers: Loading map 'RollingBPExampleMap' took 1.268
[2016.06.02-08.17.59:530][  0]Log